This is pdfTeX, Version 3.14159265-2.6-1.40.19 (TeX Live 2018/W32TeX) (preloaded format=pdflatex 2019.4.4)  9 APR 2019 20:27
entering extended mode
 restricted \write18 enabled.
 %&-line parsing enabled.
**thesis.tex
(./thesis.tex
LaTeX2e <2018-12-01>
(./reedthesis.cls
Document Class: reedthesis 2004/01/27 The Reed College Thesis Class
(c:/Users/Alexander/AppData/Roaming/TinyTeX/texmf-dist/tex/latex/base/book.cls
Document Class: book 2018/09/03 v1.4i Standard LaTeX document class
(c:/Users/Alexander/AppData/Roaming/TinyTeX/texmf-dist/tex/latex/base/bk12.clo
File: bk12.clo 2018/09/03 v1.4i Standard LaTeX file (size option)
)
\c@part=\count80
\c@chapter=\count81
\c@section=\count82
\c@subsection=\count83
\c@subsubsection=\count84
\c@paragraph=\count85
\c@subparagraph=\count86
\c@figure=\count87
\c@table=\count88
\abovecaptionskip=\skip41
\belowcaptionskip=\skip42
\bibindent=\dimen102
)
(c:/Users/Alexander/AppData/Roaming/TinyTeX/texmf-dist/tex/latex/fancyhdr/fancy
hdr.sty
Package: fancyhdr 2019/01/31 v3.10 Extensive control of page headers and footer
s
\f@nch@headwidth=\skip43
\f@nch@O@elh=\skip44
\f@nch@O@erh=\skip45
\f@nch@O@olh=\skip46
\f@nch@O@orh=\skip47
\f@nch@O@elf=\skip48
\f@nch@O@erf=\skip49
\f@nch@O@olf=\skip50
\f@nch@O@orf=\skip51
)
(c:/Users/Alexander/AppData/Roaming/TinyTeX/texmf-dist/tex/latex/fancyvrb/fancy
vrb.sty
Package: fancyvrb 2019/01/15
Style option: `fancyvrb' v3.2a <2019/01/15> (tvz)
(c:/Users/Alexander/AppData/Roaming/TinyTeX/texmf-dist/tex/latex/graphics/keyva
l.sty
Package: keyval 2014/10/28 v1.15 key=value parser (DPC)
\KV@toks@=\toks14
)
\FV@CodeLineNo=\count89
\FV@InFile=\read1
\FV@TabBox=\box27
\c@FancyVerbLine=\count90
\FV@StepNumber=\count91
\FV@OutFile=\write3
)
(c:/Users/Alexander/AppData/Roaming/TinyTeX/texmf-dist/tex/generic/ifxetex/ifxe
tex.sty
Package: ifxetex 2010/09/12 v0.6 Provides ifxetex conditional
)
(c:/Users/Alexander/AppData/Roaming/TinyTeX/texmf-dist/tex/generic/oberdiek/ifl
uatex.sty
Package: ifluatex 2016/05/16 v1.4 Provides the ifluatex switch (HO)
Package ifluatex Info: LuaTeX not detected.
)
(c:/Users/Alexander/AppData/Roaming/TinyTeX/texmf-dist/tex/latex/base/fixltx2e.
sty
Package: fixltx2e 2016/12/29 v2.1a fixes to LaTeX (obsolete)
Applying: [2015/01/01] Old fixltx2e package on input line 46.

Package fixltx2e Warning: fixltx2e is not required with releases after 2015
(fixltx2e)                All fixes are now in the LaTeX kernel.
(fixltx2e)                See the latexrelease package for details.

Already applied: [0000/00/00] Old fixltx2e package on input line 53.
)
(c:/Users/Alexander/AppData/Roaming/TinyTeX/texmf-dist/tex/latex/base/fontenc.s
ty
Package: fontenc 2018/08/11 v2.0j Standard LaTeX package

(c:/Users/Alexander/AppData/Roaming/TinyTeX/texmf-dist/tex/latex/base/t1enc.def
File: t1enc.def 2018/08/11 v2.0j Standard LaTeX file
LaTeX Font Info:    Redeclaring font encoding T1 on input line 48.
))
(c:/Users/Alexander/AppData/Roaming/TinyTeX/texmf-dist/tex/latex/base/inputenc.
sty
Package: inputenc 2018/08/11 v1.3c Input encoding file
\inpenc@prehook=\toks15
\inpenc@posthook=\toks16
)
(c:/Users/Alexander/AppData/Roaming/TinyTeX/texmf-dist/tex/latex/upquote/upquot
e.sty
Package: upquote 2012/04/19 v1.3 upright-quote and grave-accent glyphs in verba
tim

(c:/Users/Alexander/AppData/Roaming/TinyTeX/texmf-dist/tex/latex/base/textcomp.
sty
Package: textcomp 2018/08/11 v2.0j Standard LaTeX package
Package textcomp Info: Sub-encoding information:
(textcomp)               5 = only ISO-Adobe without \textcurrency
(textcomp)               4 = 5 + \texteuro
(textcomp)               3 = 4 + \textohm
(textcomp)               2 = 3 + \textestimated + \textcurrency
(textcomp)               1 = TS1 - \textcircled - \t
(textcomp)               0 = TS1 (full)
(textcomp)             Font families with sub-encoding setting implement
(textcomp)             only a restricted character set as indicated.
(textcomp)             Family '?' is the default used for unknown fonts.
(textcomp)             See the documentation for details.
Package textcomp Info: Setting ? sub-encoding to TS1/1 on input line 79.

(c:/Users/Alexander/AppData/Roaming/TinyTeX/texmf-dist/tex/latex/base/ts1enc.de
f
File: ts1enc.def 2001/06/05 v3.0e (jk/car/fm) Standard LaTeX file
Now handling font encoding TS1 ...
... processing UTF-8 mapping file for font encoding TS1

(c:/Users/Alexander/AppData/Roaming/TinyTeX/texmf-dist/tex/latex/base/ts1enc.df
u
File: ts1enc.dfu 2018/10/05 v1.2f UTF-8 support for inputenc
   defining Unicode char U+00A2 (decimal 162)
   defining Unicode char U+00A3 (decimal 163)
   defining Unicode char U+00A4 (decimal 164)
   defining Unicode char U+00A5 (decimal 165)
   defining Unicode char U+00A6 (decimal 166)
   defining Unicode char U+00A7 (decimal 167)
   defining Unicode char U+00A8 (decimal 168)
   defining Unicode char U+00A9 (decimal 169)
   defining Unicode char U+00AA (decimal 170)
   defining Unicode char U+00AC (decimal 172)
   defining Unicode char U+00AE (decimal 174)
   defining Unicode char U+00AF (decimal 175)
   defining Unicode char U+00B0 (decimal 176)
   defining Unicode char U+00B1 (decimal 177)
   defining Unicode char U+00B2 (decimal 178)
   defining Unicode char U+00B3 (decimal 179)
   defining Unicode char U+00B4 (decimal 180)
   defining Unicode char U+00B5 (decimal 181)
   defining Unicode char U+00B6 (decimal 182)
   defining Unicode char U+00B7 (decimal 183)
   defining Unicode char U+00B9 (decimal 185)
   defining Unicode char U+00BA (decimal 186)
   defining Unicode char U+00BC (decimal 188)
   defining Unicode char U+00BD (decimal 189)
   defining Unicode char U+00BE (decimal 190)
   defining Unicode char U+00D7 (decimal 215)
   defining Unicode char U+00F7 (decimal 247)
   defining Unicode char U+0192 (decimal 402)
   defining Unicode char U+02C7 (decimal 711)
   defining Unicode char U+02D8 (decimal 728)
   defining Unicode char U+02DD (decimal 733)
   defining Unicode char U+0E3F (decimal 3647)
   defining Unicode char U+2016 (decimal 8214)
   defining Unicode char U+2020 (decimal 8224)
   defining Unicode char U+2021 (decimal 8225)
   defining Unicode char U+2022 (decimal 8226)
   defining Unicode char U+2030 (decimal 8240)
   defining Unicode char U+2031 (decimal 8241)
   defining Unicode char U+203B (decimal 8251)
   defining Unicode char U+203D (decimal 8253)
   defining Unicode char U+2044 (decimal 8260)
   defining Unicode char U+204E (decimal 8270)
   defining Unicode char U+2052 (decimal 8274)
   defining Unicode char U+20A1 (decimal 8353)
   defining Unicode char U+20A4 (decimal 8356)
   defining Unicode char U+20A6 (decimal 8358)
   defining Unicode char U+20A9 (decimal 8361)
   defining Unicode char U+20AB (decimal 8363)
   defining Unicode char U+20AC (decimal 8364)
   defining Unicode char U+20B1 (decimal 8369)
   defining Unicode char U+2103 (decimal 8451)
   defining Unicode char U+2116 (decimal 8470)
   defining Unicode char U+2117 (decimal 8471)
   defining Unicode char U+211E (decimal 8478)
   defining Unicode char U+2120 (decimal 8480)
   defining Unicode char U+2122 (decimal 8482)
   defining Unicode char U+2126 (decimal 8486)
   defining Unicode char U+2127 (decimal 8487)
   defining Unicode char U+212E (decimal 8494)
   defining Unicode char U+2190 (decimal 8592)
   defining Unicode char U+2191 (decimal 8593)
   defining Unicode char U+2192 (decimal 8594)
   defining Unicode char U+2193 (decimal 8595)
   defining Unicode char U+2329 (decimal 9001)
   defining Unicode char U+232A (decimal 9002)
   defining Unicode char U+2422 (decimal 9250)
   defining Unicode char U+25E6 (decimal 9702)
   defining Unicode char U+25EF (decimal 9711)
   defining Unicode char U+266A (decimal 9834)
   defining Unicode char U+FEFF (decimal 65279)
))
LaTeX Info: Redefining \oldstylenums on input line 334.
Package textcomp Info: Setting cmr sub-encoding to TS1/0 on input line 349.
Package textcomp Info: Setting cmss sub-encoding to TS1/0 on input line 350.
Package textcomp Info: Setting cmtt sub-encoding to TS1/0 on input line 351.
Package textcomp Info: Setting cmvtt sub-encoding to TS1/0 on input line 352.
Package textcomp Info: Setting cmbr sub-encoding to TS1/0 on input line 353.
Package textcomp Info: Setting cmtl sub-encoding to TS1/0 on input line 354.
Package textcomp Info: Setting ccr sub-encoding to TS1/0 on input line 355.
Package textcomp Info: Setting ptm sub-encoding to TS1/4 on input line 356.
Package textcomp Info: Setting pcr sub-encoding to TS1/4 on input line 357.
Package textcomp Info: Setting phv sub-encoding to TS1/4 on input line 358.
Package textcomp Info: Setting ppl sub-encoding to TS1/3 on input line 359.
Package textcomp Info: Setting pag sub-encoding to TS1/4 on input line 360.
Package textcomp Info: Setting pbk sub-encoding to TS1/4 on input line 361.
Package textcomp Info: Setting pnc sub-encoding to TS1/4 on input line 362.
Package textcomp Info: Setting pzc sub-encoding to TS1/4 on input line 363.
Package textcomp Info: Setting bch sub-encoding to TS1/4 on input line 364.
Package textcomp Info: Setting put sub-encoding to TS1/5 on input line 365.
Package textcomp Info: Setting uag sub-encoding to TS1/5 on input line 366.
Package textcomp Info: Setting ugq sub-encoding to TS1/5 on input line 367.
Package textcomp Info: Setting ul8 sub-encoding to TS1/4 on input line 368.
Package textcomp Info: Setting ul9 sub-encoding to TS1/4 on input line 369.
Package textcomp Info: Setting augie sub-encoding to TS1/5 on input line 370.
Package textcomp Info: Setting dayrom sub-encoding to TS1/3 on input line 371.
Package textcomp Info: Setting dayroms sub-encoding to TS1/3 on input line 372.

Package textcomp Info: Setting pxr sub-encoding to TS1/0 on input line 373.
Package textcomp Info: Setting pxss sub-encoding to TS1/0 on input line 374.
Package textcomp Info: Setting pxtt sub-encoding to TS1/0 on input line 375.
Package textcomp Info: Setting txr sub-encoding to TS1/0 on input line 376.
Package textcomp Info: Setting txss sub-encoding to TS1/0 on input line 377.
Package textcomp Info: Setting txtt sub-encoding to TS1/0 on input line 378.
Package textcomp Info: Setting lmr sub-encoding to TS1/0 on input line 379.
Package textcomp Info: Setting lmdh sub-encoding to TS1/0 on input line 380.
Package textcomp Info: Setting lmss sub-encoding to TS1/0 on input line 381.
Package textcomp Info: Setting lmssq sub-encoding to TS1/0 on input line 382.
Package textcomp Info: Setting lmvtt sub-encoding to TS1/0 on input line 383.
Package textcomp Info: Setting lmtt sub-encoding to TS1/0 on input line 384.
Package textcomp Info: Setting qhv sub-encoding to TS1/0 on input line 385.
Package textcomp Info: Setting qag sub-encoding to TS1/0 on input line 386.
Package textcomp Info: Setting qbk sub-encoding to TS1/0 on input line 387.
Package textcomp Info: Setting qcr sub-encoding to TS1/0 on input line 388.
Package textcomp Info: Setting qcs sub-encoding to TS1/0 on input line 389.
Package textcomp Info: Setting qpl sub-encoding to TS1/0 on input line 390.
Package textcomp Info: Setting qtm sub-encoding to TS1/0 on input line 391.
Package textcomp Info: Setting qzc sub-encoding to TS1/0 on input line 392.
Package textcomp Info: Setting qhvc sub-encoding to TS1/0 on input line 393.
Package textcomp Info: Setting futs sub-encoding to TS1/4 on input line 394.
Package textcomp Info: Setting futx sub-encoding to TS1/4 on input line 395.
Package textcomp Info: Setting futj sub-encoding to TS1/4 on input line 396.
Package textcomp Info: Setting hlh sub-encoding to TS1/3 on input line 397.
Package textcomp Info: Setting hls sub-encoding to TS1/3 on input line 398.
Package textcomp Info: Setting hlst sub-encoding to TS1/3 on input line 399.
Package textcomp Info: Setting hlct sub-encoding to TS1/5 on input line 400.
Package textcomp Info: Setting hlx sub-encoding to TS1/5 on input line 401.
Package textcomp Info: Setting hlce sub-encoding to TS1/5 on input line 402.
Package textcomp Info: Setting hlcn sub-encoding to TS1/5 on input line 403.
Package textcomp Info: Setting hlcw sub-encoding to TS1/5 on input line 404.
Package textcomp Info: Setting hlcf sub-encoding to TS1/5 on input line 405.
Package textcomp Info: Setting pplx sub-encoding to TS1/3 on input line 406.
Package textcomp Info: Setting pplj sub-encoding to TS1/3 on input line 407.
Package textcomp Info: Setting ptmx sub-encoding to TS1/4 on input line 408.
Package textcomp Info: Setting ptmj sub-encoding to TS1/4 on input line 409.
))
(c:/Users/Alexander/AppData/Roaming/TinyTeX/texmf-dist/tex/latex/graphics/color
.sty
Package: color 2016/07/10 v1.1e Standard LaTeX Color (DPC)

(c:/Users/Alexander/AppData/Roaming/TinyTeX/texmf-dist/tex/latex/graphics-cfg/c
olor.cfg
File: color.cfg 2016/01/02 v1.6 sample color configuration
)
Package color Info: Driver file: pdftex.def on input line 147.

(c:/Users/Alexander/AppData/Roaming/TinyTeX/texmf-dist/tex/latex/graphics-def/p
dftex.def
File: pdftex.def 2018/01/08 v1.0l Graphics/color driver for pdftex
))
(c:/Users/Alexander/AppData/Roaming/TinyTeX/texmf-dist/tex/latex/framed/framed.
sty
Package: framed 2011/10/22 v 0.96: framed or shaded text with page breaks
\OuterFrameSep=\skip52
\fb@frw=\dimen103
\fb@frh=\dimen104
\FrameRule=\dimen105
\FrameSep=\dimen106
))
(c:/Users/Alexander/AppData/Roaming/TinyTeX/texmf-dist/tex/latex/graphics/graph
icx.sty
Package: graphicx 2017/06/01 v1.1a Enhanced LaTeX Graphics (DPC,SPQR)

(c:/Users/Alexander/AppData/Roaming/TinyTeX/texmf-dist/tex/latex/graphics/graph
ics.sty
Package: graphics 2017/06/25 v1.2c Standard LaTeX Graphics (DPC,SPQR)

(c:/Users/Alexander/AppData/Roaming/TinyTeX/texmf-dist/tex/latex/graphics/trig.
sty
Package: trig 2016/01/03 v1.10 sin cos tan (DPC)
)
(c:/Users/Alexander/AppData/Roaming/TinyTeX/texmf-dist/tex/latex/graphics-cfg/g
raphics.cfg
File: graphics.cfg 2016/06/04 v1.11 sample graphics configuration
)
Package graphics Info: Driver file: pdftex.def on input line 99.
)
\Gin@req@height=\dimen107
\Gin@req@width=\dimen108
)
(c:/Users/Alexander/AppData/Roaming/TinyTeX/texmf-dist/tex/latex/base/latexsym.
sty
Package: latexsym 1998/08/17 v2.2e Standard LaTeX package (lasy symbols)
\symlasy=\mathgroup4
LaTeX Font Info:    Overwriting symbol font `lasy' in version `bold'
(Font)                  U/lasy/m/n --> U/lasy/b/n on input line 52.
)
(c:/Users/Alexander/AppData/Roaming/TinyTeX/texmf-dist/tex/latex/amsmath/amsmat
h.sty
Package: amsmath 2018/12/01 v2.17b AMS math features
\@mathmargin=\skip53
For additional information on amsmath, use the `?' option.

(c:/Users/Alexander/AppData/Roaming/TinyTeX/texmf-dist/tex/latex/amsmath/amstex
t.sty
Package: amstext 2000/06/29 v2.01 AMS text

(c:/Users/Alexander/AppData/Roaming/TinyTeX/texmf-dist/tex/latex/amsmath/amsgen
.sty
File: amsgen.sty 1999/11/30 v2.0 generic functions
\@emptytoks=\toks17
\ex@=\dimen109
))
(c:/Users/Alexander/AppData/Roaming/TinyTeX/texmf-dist/tex/latex/amsmath/amsbsy
.sty
Package: amsbsy 1999/11/29 v1.2d Bold Symbols
\pmbraise@=\dimen110
)
(c:/Users/Alexander/AppData/Roaming/TinyTeX/texmf-dist/tex/latex/amsmath/amsopn
.sty
Package: amsopn 2016/03/08 v2.02 operator names
)
\inf@bad=\count92
LaTeX Info: Redefining \frac on input line 223.
\uproot@=\count93
\leftroot@=\count94
LaTeX Info: Redefining \overline on input line 385.
\classnum@=\count95
\DOTSCASE@=\count96
LaTeX Info: Redefining \ldots on input line 482.
LaTeX Info: Redefining \dots on input line 485.
LaTeX Info: Redefining \cdots on input line 606.
\Mathstrutbox@=\box28
\strutbox@=\box29
\big@size=\dimen111
LaTeX Font Info:    Redeclaring font encoding OML on input line 729.
LaTeX Font Info:    Redeclaring font encoding OMS on input line 730.
\macc@depth=\count97
\c@MaxMatrixCols=\count98
\dotsspace@=\muskip10
\c@parentequation=\count99
\dspbrk@lvl=\count100
\tag@help=\toks18
\row@=\count101
\column@=\count102
\maxfields@=\count103
\andhelp@=\toks19
\eqnshift@=\dimen112
\alignsep@=\dimen113
\tagshift@=\dimen114
\tagwidth@=\dimen115
\totwidth@=\dimen116
\lineht@=\dimen117
\@envbody=\toks20
\multlinegap=\skip54
\multlinetaggap=\skip55
\mathdisplay@stack=\toks21
LaTeX Info: Redefining \[ on input line 2844.
LaTeX Info: Redefining \] on input line 2845.
)
(c:/Users/Alexander/AppData/Roaming/TinyTeX/texmf-dist/tex/latex/amsfonts/amssy
mb.sty
Package: amssymb 2013/01/14 v3.01 AMS font symbols

(c:/Users/Alexander/AppData/Roaming/TinyTeX/texmf-dist/tex/latex/amsfonts/amsfo
nts.sty
Package: amsfonts 2013/01/14 v3.01 Basic AMSFonts support
\symAMSa=\mathgroup5
\symAMSb=\mathgroup6
LaTeX Font Info:    Overwriting math alphabet `\mathfrak' in version `bold'
(Font)                  U/euf/m/n --> U/euf/b/n on input line 106.
))
(c:/Users/Alexander/AppData/Roaming/TinyTeX/texmf-dist/tex/latex/amscls/amsthm.
sty
Package: amsthm 2017/10/31 v2.20.4
\thm@style=\toks22
\thm@bodyfont=\toks23
\thm@headfont=\toks24
\thm@notefont=\toks25
\thm@headpunct=\toks26
\thm@preskip=\skip56
\thm@postskip=\skip57
\thm@headsep=\skip58
\dth@everypar=\toks27
)
(c:/Users/Alexander/AppData/Roaming/TinyTeX/texmf-dist/tex/latex/tools/longtabl
e.sty
Package: longtable 2014/10/28 v4.11 Multi-page Table package (DPC)+ FMi change
\LTleft=\skip59
\LTright=\skip60
\LTpre=\skip61
\LTpost=\skip62
\LTchunksize=\count104
\LTcapwidth=\dimen118
\LT@head=\box30
\LT@firsthead=\box31
\LT@foot=\box32
\LT@lastfoot=\box33
\LT@cols=\count105
\LT@rows=\count106
\c@LT@tables=\count107
\c@LT@chunks=\count108
\LT@p@ftn=\toks28
)
(c:/Users/Alexander/AppData/Roaming/TinyTeX/texmf-dist/tex/latex/booktabs/bookt
abs.sty
Package: booktabs 2016/04/27 v1.618033 publication quality tables
\heavyrulewidth=\dimen119
\lightrulewidth=\dimen120
\cmidrulewidth=\dimen121
\belowrulesep=\dimen122
\belowbottomsep=\dimen123
\aboverulesep=\dimen124
\abovetopsep=\dimen125
\cmidrulesep=\dimen126
\cmidrulekern=\dimen127
\defaultaddspace=\dimen128
\@cmidla=\count109
\@cmidlb=\count110
\@aboverulesep=\dimen129
\@belowrulesep=\dimen130
\@thisruleclass=\count111
\@lastruleclass=\count112
\@thisrulewidth=\dimen131
)
(c:/Users/Alexander/AppData/Roaming/TinyTeX/texmf-dist/tex/latex/setspace/setsp
ace.sty
Package: setspace 2011/12/19 v6.7a set line spacing
) (./chemarr.sty
Package: chemarr 2001/06/22 v1.1 Chemical reaction arrows (HO)
) (c:/Users/Alexander/AppData/Roaming/TinyTeX/texmf-dist/tex/latex/url/url.sty
\Urlmuskip=\muskip11
Package: url 2013/09/16  ver 3.4  Verb mode for urls, etc.
)
(c:/Users/Alexander/AppData/Roaming/TinyTeX/texmf-dist/tex/latex/hyperref/hyper
ref.sty
Package: hyperref 2018/11/30 v6.88e Hypertext links for LaTeX

(c:/Users/Alexander/AppData/Roaming/TinyTeX/texmf-dist/tex/generic/oberdiek/hob
sub-hyperref.sty
Package: hobsub-hyperref 2016/05/16 v1.14 Bundle oberdiek, subset hyperref (HO)


(c:/Users/Alexander/AppData/Roaming/TinyTeX/texmf-dist/tex/generic/oberdiek/hob
sub-generic.sty
Package: hobsub-generic 2016/05/16 v1.14 Bundle oberdiek, subset generic (HO)
Package: hobsub 2016/05/16 v1.14 Construct package bundles (HO)
Package: infwarerr 2016/05/16 v1.4 Providing info/warning/error messages (HO)
Package: ltxcmds 2016/05/16 v1.23 LaTeX kernel commands for general use (HO)
Package hobsub Info: Skipping package `ifluatex' (already loaded).
Package: ifvtex 2016/05/16 v1.6 Detect VTeX and its facilities (HO)
Package ifvtex Info: VTeX not detected.
Package: intcalc 2016/05/16 v1.2 Expandable calculations with integers (HO)
Package: ifpdf 2018/09/07 v3.3 Provides the ifpdf switch
Package: etexcmds 2016/05/16 v1.6 Avoid name clashes with e-TeX commands (HO)
Package etexcmds Info: Could not find \expanded.
(etexcmds)             That can mean that you are not using pdfTeX 1.50 or
(etexcmds)             that some package has redefined \expanded.
(etexcmds)             In the latter case, load this package earlier.
Package: kvsetkeys 2016/05/16 v1.17 Key value parser (HO)
Package: kvdefinekeys 2016/05/16 v1.4 Define keys (HO)
Package: pdftexcmds 2018/09/10 v0.29 Utility functions of pdfTeX for LuaTeX (HO
)
Package pdftexcmds Info: LuaTeX not detected.
Package pdftexcmds Info: \pdf@primitive is available.
Package pdftexcmds Info: \pdf@ifprimitive is available.
Package pdftexcmds Info: \pdfdraftmode found.
Package: pdfescape 2016/05/16 v1.14 Implements pdfTeX's escape features (HO)
Package: bigintcalc 2016/05/16 v1.4 Expandable calculations on big integers (HO
)
Package: bitset 2016/05/16 v1.2 Handle bit-vector datatype (HO)
Package: uniquecounter 2016/05/16 v1.3 Provide unlimited unique counter (HO)
)
Package hobsub Info: Skipping package `hobsub' (already loaded).
Package: letltxmacro 2016/05/16 v1.5 Let assignment for LaTeX macros (HO)
Package: hopatch 2016/05/16 v1.3 Wrapper for package hooks (HO)
Package: xcolor-patch 2016/05/16 xcolor patch
Package: atveryend 2016/05/16 v1.9 Hooks at the very end of document (HO)
Package atveryend Info: \enddocument detected (standard20110627).
Package: atbegshi 2016/06/09 v1.18 At begin shipout hook (HO)
Package: refcount 2016/05/16 v3.5 Data extraction from label references (HO)
Package: hycolor 2016/05/16 v1.8 Color options for hyperref/bookmark (HO)
)
(c:/Users/Alexander/AppData/Roaming/TinyTeX/texmf-dist/tex/latex/oberdiek/auxho
ok.sty
Package: auxhook 2016/05/16 v1.4 Hooks for auxiliary files (HO)
)
(c:/Users/Alexander/AppData/Roaming/TinyTeX/texmf-dist/tex/latex/oberdiek/kvopt
ions.sty
Package: kvoptions 2016/05/16 v3.12 Key value format for package options (HO)
)
\@linkdim=\dimen132
\Hy@linkcounter=\count113
\Hy@pagecounter=\count114

(c:/Users/Alexander/AppData/Roaming/TinyTeX/texmf-dist/tex/latex/hyperref/pd1en
c.def
File: pd1enc.def 2018/11/30 v6.88e Hyperref: PDFDocEncoding definition (HO)
Now handling font encoding PD1 ...
... no UTF-8 mapping file for font encoding PD1
)
\Hy@SavedSpaceFactor=\count115

(c:/Users/Alexander/AppData/Roaming/TinyTeX/texmf-dist/tex/latex/latexconfig/hy
perref.cfg
File: hyperref.cfg 2002/06/06 v1.2 hyperref configuration of TeXLive
)
Package hyperref Info: Hyper figures OFF on input line 4519.
Package hyperref Info: Link nesting OFF on input line 4524.
Package hyperref Info: Hyper index ON on input line 4527.
Package hyperref Info: Plain pages OFF on input line 4534.
Package hyperref Info: Backreferencing OFF on input line 4539.
Package hyperref Info: Implicit mode ON; LaTeX internals redefined.
Package hyperref Info: Bookmarks ON on input line 4772.
\c@Hy@tempcnt=\count116
LaTeX Info: Redefining \url on input line 5125.
\XeTeXLinkMargin=\dimen133
\Fld@menulength=\count117
\Field@Width=\dimen134
\Fld@charsize=\dimen135
Package hyperref Info: Hyper figures OFF on input line 6380.
Package hyperref Info: Link nesting OFF on input line 6385.
Package hyperref Info: Hyper index ON on input line 6388.
Package hyperref Info: backreferencing OFF on input line 6395.
Package hyperref Info: Link coloring OFF on input line 6400.
Package hyperref Info: Link coloring with OCG OFF on input line 6405.
Package hyperref Info: PDF/A mode OFF on input line 6410.
LaTeX Info: Redefining \ref on input line 6450.
LaTeX Info: Redefining \pageref on input line 6454.
\Hy@abspage=\count118
\c@Item=\count119
\c@Hfootnote=\count120
)
Package hyperref Info: Driver (autodetected): hpdftex.

(c:/Users/Alexander/AppData/Roaming/TinyTeX/texmf-dist/tex/latex/hyperref/hpdft
ex.def
File: hpdftex.def 2018/11/30 v6.88e Hyperref driver for pdfTeX
\Fld@listcount=\count121
\c@bookmark@seq@number=\count122

(c:/Users/Alexander/AppData/Roaming/TinyTeX/texmf-dist/tex/latex/oberdiek/rerun
filecheck.sty
Package: rerunfilecheck 2016/05/16 v1.8 Rerun checks for auxiliary files (HO)
Package uniquecounter Info: New unique counter `rerunfilecheck' on input line 2
82.
)
\Hy@SectionHShift=\skip63
)
(c:/Users/Alexander/AppData/Roaming/TinyTeX/texmf-dist/tex/latex/lm/lmodern.sty
Package: lmodern 2009/10/30 v1.6 Latin Modern Fonts
LaTeX Font Info:    Overwriting symbol font `operators' in version `normal'
(Font)                  OT1/cmr/m/n --> OT1/lmr/m/n on input line 22.
LaTeX Font Info:    Overwriting symbol font `letters' in version `normal'
(Font)                  OML/cmm/m/it --> OML/lmm/m/it on input line 23.
LaTeX Font Info:    Overwriting symbol font `symbols' in version `normal'
(Font)                  OMS/cmsy/m/n --> OMS/lmsy/m/n on input line 24.
LaTeX Font Info:    Overwriting symbol font `largesymbols' in version `normal'
(Font)                  OMX/cmex/m/n --> OMX/lmex/m/n on input line 25.
LaTeX Font Info:    Overwriting symbol font `operators' in version `bold'
(Font)                  OT1/cmr/bx/n --> OT1/lmr/bx/n on input line 26.
LaTeX Font Info:    Overwriting symbol font `letters' in version `bold'
(Font)                  OML/cmm/b/it --> OML/lmm/b/it on input line 27.
LaTeX Font Info:    Overwriting symbol font `symbols' in version `bold'
(Font)                  OMS/cmsy/b/n --> OMS/lmsy/b/n on input line 28.
LaTeX Font Info:    Overwriting symbol font `largesymbols' in version `bold'
(Font)                  OMX/cmex/m/n --> OMX/lmex/m/n on input line 29.
LaTeX Font Info:    Overwriting math alphabet `\mathbf' in version `normal'
(Font)                  OT1/cmr/bx/n --> OT1/lmr/bx/n on input line 31.
LaTeX Font Info:    Overwriting math alphabet `\mathsf' in version `normal'
(Font)                  OT1/cmss/m/n --> OT1/lmss/m/n on input line 32.
LaTeX Font Info:    Overwriting math alphabet `\mathit' in version `normal'
(Font)                  OT1/cmr/m/it --> OT1/lmr/m/it on input line 33.
LaTeX Font Info:    Overwriting math alphabet `\mathtt' in version `normal'
(Font)                  OT1/cmtt/m/n --> OT1/lmtt/m/n on input line 34.
LaTeX Font Info:    Overwriting math alphabet `\mathbf' in version `bold'
(Font)                  OT1/cmr/bx/n --> OT1/lmr/bx/n on input line 35.
LaTeX Font Info:    Overwriting math alphabet `\mathsf' in version `bold'
(Font)                  OT1/cmss/bx/n --> OT1/lmss/bx/n on input line 36.
LaTeX Font Info:    Overwriting math alphabet `\mathit' in version `bold'
(Font)                  OT1/cmr/bx/it --> OT1/lmr/bx/it on input line 37.
LaTeX Font Info:    Overwriting math alphabet `\mathtt' in version `bold'
(Font)                  OT1/cmtt/m/n --> OT1/lmtt/m/n on input line 38.
)
(c:/Users/Alexander/AppData/Roaming/TinyTeX/texmf-dist/tex/latex/float/float.st
y
Package: float 2001/11/08 v1.3d Float enhancements (AL)
\c@float@type=\count123
\float@exts=\toks29
\float@box=\box34
\@float@everytoks=\toks30
\@floatcapt=\box35
)
(c:/Users/Alexander/AppData/Roaming/TinyTeX/texmf-dist/tex/latex/graphics/rotat
ing.sty
Package: rotating 2016/08/11 v2.16d rotated objects in LaTeX

(c:/Users/Alexander/AppData/Roaming/TinyTeX/texmf-dist/tex/latex/base/ifthen.st
y
Package: ifthen 2014/09/29 v1.1c Standard LaTeX ifthen package (DPC)
)
\c@r@tfl@t=\count124
\rotFPtop=\skip64
\rotFPbot=\skip65
\rot@float@box=\box36
\rot@mess@toks=\toks31
)
(c:/Users/Alexander/AppData/Roaming/TinyTeX/texmf-dist/tex/latex/caption/captio
n.sty
Package: caption 2018/10/06 v3.3-154 Customizing captions (AR)

(c:/Users/Alexander/AppData/Roaming/TinyTeX/texmf-dist/tex/latex/caption/captio
n3.sty
Package: caption3 2018/09/12 v1.8c caption3 kernel (AR)
Package caption3 Info: TeX engine: e-TeX on input line 64.
\captionmargin=\dimen136
\captionmargin@=\dimen137
\captionwidth=\dimen138
\caption@tempdima=\dimen139
\caption@indent=\dimen140
\caption@parindent=\dimen141
\caption@hangindent=\dimen142
)
\c@caption@flags=\count125
\c@ContinuedFloat=\count126
Package caption Info: float package is loaded.
Package caption Info: hyperref package is loaded.
Package caption Info: longtable package is loaded.

(c:/Users/Alexander/AppData/Roaming/TinyTeX/texmf-dist/tex/latex/caption/ltcapt
ion.sty
Package: ltcaption 2018/08/26 v1.4-95 longtable captions (AR)
)
Package caption Info: rotating package is loaded.
)
Package color Info: Redefining color shadecolor on input line 79.
(./thesis.aux)
\openout1 = `thesis.aux'.

LaTeX Font Info:    Checking defaults for OML/cmm/m/it on input line 185.
LaTeX Font Info:    ... okay on input line 185.
LaTeX Font Info:    Checking defaults for T1/cmr/m/n on input line 185.
LaTeX Font Info:    ... okay on input line 185.
LaTeX Font Info:    Checking defaults for OT1/cmr/m/n on input line 185.
LaTeX Font Info:    ... okay on input line 185.
LaTeX Font Info:    Checking defaults for OMS/cmsy/m/n on input line 185.
LaTeX Font Info:    ... okay on input line 185.
LaTeX Font Info:    Checking defaults for OMX/cmex/m/n on input line 185.
LaTeX Font Info:    ... okay on input line 185.
LaTeX Font Info:    Checking defaults for U/cmr/m/n on input line 185.
LaTeX Font Info:    ... okay on input line 185.
LaTeX Font Info:    Checking defaults for TS1/cmr/m/n on input line 185.
LaTeX Font Info:    Try loading font information for TS1+cmr on input line 185.


(c:/Users/Alexander/AppData/Roaming/TinyTeX/texmf-dist/tex/latex/base/ts1cmr.fd
File: ts1cmr.fd 2014/09/29 v2.5h Standard LaTeX font definitions
)
LaTeX Font Info:    ... okay on input line 185.
LaTeX Font Info:    Checking defaults for PD1/pdf/m/n on input line 185.
LaTeX Font Info:    ... okay on input line 185.
LaTeX Font Info:    Try loading font information for T1+lmr on input line 185.
(c:/Users/Alexander/AppData/Roaming/TinyTeX/texmf-dist/tex/latex/lm/t1lmr.fd
File: t1lmr.fd 2009/10/30 v1.6 Font defs for Latin Modern
)
(c:/Users/Alexander/AppData/Roaming/TinyTeX/texmf-dist/tex/latex/oberdiek/epsto
pdf-base.sty
Package: epstopdf-base 2016/05/15 v2.6 Base part for package epstopdf

(c:/Users/Alexander/AppData/Roaming/TinyTeX/texmf-dist/tex/latex/oberdiek/grfex
t.sty
Package: grfext 2016/05/16 v1.2 Manage graphics extensions (HO)
)
Package epstopdf-base Info: Redefining graphics rule for `.eps' on input line 4
38.
Package grfext Info: Graphics extension search list:
(grfext)             [.pdf,.png,.jpg,.mps,.jpeg,.jbig2,.jb2,.PDF,.PNG,.JPG,.JPE
G,.JBIG2,.JB2,.eps]
(grfext)             \AppendGraphicsExtensions on input line 456.

(c:/Users/Alexander/AppData/Roaming/TinyTeX/texmf-dist/tex/latex/latexconfig/ep
stopdf-sys.cfg
File: epstopdf-sys.cfg 2010/07/13 v1.3 Configuration of (r)epstopdf for TeX Liv
e
))
\AtBeginShipoutBox=\box37
Package hyperref Info: Link coloring OFF on input line 185.

(c:/Users/Alexander/AppData/Roaming/TinyTeX/texmf-dist/tex/latex/hyperref/namer
ef.sty
Package: nameref 2016/05/21 v2.44 Cross-referencing by name of section

(c:/Users/Alexander/AppData/Roaming/TinyTeX/texmf-dist/tex/generic/oberdiek/get
titlestring.sty
Package: gettitlestring 2016/05/16 v1.5 Cleanup title references (HO)
)
\c@section@level=\count127
)
LaTeX Info: Redefining \ref on input line 185.
LaTeX Info: Redefining \pageref on input line 185.
LaTeX Info: Redefining \nameref on input line 185.
(./thesis.out) (./thesis.out)
\@outlinefile=\write4
\openout4 = `thesis.out'.

Package caption Info: Begin \AtBeginDocument code.
Package caption Info: End \AtBeginDocument code.
LaTeX Font Info:    Try loading font information for OT1+lmr on input line 189.

(c:/Users/Alexander/AppData/Roaming/TinyTeX/texmf-dist/tex/latex/lm/ot1lmr.fd
File: ot1lmr.fd 2009/10/30 v1.6 Font defs for Latin Modern
)
LaTeX Font Info:    Try loading font information for OML+lmm on input line 189.

(c:/Users/Alexander/AppData/Roaming/TinyTeX/texmf-dist/tex/latex/lm/omllmm.fd
File: omllmm.fd 2009/10/30 v1.6 Font defs for Latin Modern
)
LaTeX Font Info:    Try loading font information for OMS+lmsy on input line 189
.
(c:/Users/Alexander/AppData/Roaming/TinyTeX/texmf-dist/tex/latex/lm/omslmsy.fd
File: omslmsy.fd 2009/10/30 v1.6 Font defs for Latin Modern
)
LaTeX Font Info:    Try loading font information for OMX+lmex on input line 189
.
(c:/Users/Alexander/AppData/Roaming/TinyTeX/texmf-dist/tex/latex/lm/omxlmex.fd
File: omxlmex.fd 2009/10/30 v1.6 Font defs for Latin Modern
)
LaTeX Font Info:    External font `lmex10' loaded for size
(Font)              <12> on input line 189.
LaTeX Font Info:    External font `lmex10' loaded for size
(Font)              <8> on input line 189.
LaTeX Font Info:    External font `lmex10' loaded for size
(Font)              <6> on input line 189.
LaTeX Font Info:    Try loading font information for U+lasy on input line 189.
(c:/Users/Alexander/AppData/Roaming/TinyTeX/texmf-dist/tex/latex/base/ulasy.fd
File: ulasy.fd 1998/08/17 v2.2e LaTeX symbol font definitions
)
LaTeX Font Info:    Try loading font information for U+msa on input line 189.

(c:/Users/Alexander/AppData/Roaming/TinyTeX/texmf-dist/tex/latex/amsfonts/umsa.
fd
File: umsa.fd 2013/01/14 v3.01 AMS symbols A
)
LaTeX Font Info:    Try loading font information for U+msb on input line 189.

(c:/Users/Alexander/AppData/Roaming/TinyTeX/texmf-dist/tex/latex/amsfonts/umsb.
fd
File: umsb.fd 2013/01/14 v3.01 AMS symbols B
) [1
Non-PDF special ignored!
<special> !% Reed College LaTeX Thesis Class 2001/12/04 SN
Non-PDF special ignored!
<special> rawpostscript % Reed College LaTeX Thesis Class 2001/12/04 SN


{c:/Users/Alexander/AppData/Roaming/TinyTeX/texmf-var/fonts/map/pdftex/updmap/p
dftex.map}] [2

] [3] [4

] [1


] [2


] [3] [4


] (./thesis.toc
Underfull \vbox (badness 1502) has occurred while \output is active []

[5])
\tf@toc=\write5
\openout5 = `thesis.toc'.

[6] (./thesis.lot)
\tf@lot=\write6
\openout6 = `thesis.lot'.

[7

] [8

] (./thesis.lof
LaTeX Font Info:    Try loading font information for T1+lmtt on input line 6.
(c:/Users/Alexander/AppData/Roaming/TinyTeX/texmf-dist/tex/latex/lm/t1lmtt.fd
File: t1lmtt.fd 2009/10/30 v1.6 Font defs for Latin Modern
)
Underfull \hbox (badness 10000) in paragraph at lines 7--7
 [][] [][][]$\T1/lmtt/m/n/12 https : / / medium . com / @ageitgey / machine -[]
 learning -[] is -[] fun -[] 
 []

)
\tf@lof=\write7
\openout7 = `thesis.lof'.

[9] [10

] [11] [12


] [13] [14


]pdfTeX warning (ext4): destination with the same identifier (name{page.1}) has
 been already used, duplicate ignored
<to be read again> 
                   \relax 
l.266 \chapter
              {Complex Surveys}\label{complex-surveys} [1

]pdfTeX warning (ext4): destination with the same identifier (name{page.2}) has
 been already used, duplicate ignored
<to be read again> 
                   \relax 
l.266 \chapter
              {Complex Surveys}\label{complex-surveys} [2

]
Chapter 1.
pdfTeX warning (ext4): destination with the same identifier (name{page.3}) has 
been already used, duplicate ignored
<to be read again> 
                   \relax 
l.309 T
       his type of surveying can be complicated by adding unequal inclusion [3]
LaTeX Font Info:    Try loading font information for TS1+lmtt on input line 364
.
(c:/Users/Alexander/AppData/Roaming/TinyTeX/texmf-dist/tex/latex/lm/ts1lmtt.fd
File: ts1lmtt.fd 2009/10/30 v1.6 Font defs for Latin Modern
)

Package Fancyhdr Warning: \headheight is too small (12.0pt): 
Make it at least 14.49998pt.
We now make it that large for the rest of the document.
This may cause the page layout to be inconsistent, however.

pdfTeX warning (ext4): destination with the same identifier (name{page.4}) has 
been already used, duplicate ignored
<to be read again> 
                   \relax 
l.370 \end{verbatim}
                     [4]
Overfull \hbox (215.73074pt too wide) in paragraph at lines 375--386
 [][] 
 []

<thesis_files/figure-latex/systematic-1.pdf, id=317, 469.755pt x 325.215pt>
File: thesis_files/figure-latex/systematic-1.pdf Graphic file (type pdf)
<use thesis_files/figure-latex/systematic-1.pdf>
Package pdftex.def Info: thesis_files/figure-latex/systematic-1.pdf  used on in
put line 414.
(pdftex.def)             Requested size: 469.75386pt x 325.2142pt.

Overfull \hbox (53.75868pt too wide) in paragraph at lines 414--415
[][] 
 []


Underfull \vbox (badness 10000) has occurred while \output is active []

[5]
Underfull \vbox (badness 10000) has occurred while \output is active []

[6 <./thesis_files/figure-latex/systematic-1.pdf>] [7] [8

]
Chapter 2.
[9]
<figure/overfit.png, id=348, 219.06844pt x 412.54124pt>
File: figure/overfit.png Graphic file (type png)
<use figure/overfit.png>
Package pdftex.def Info: figure/overfit.png  used on input line 505.
(pdftex.def)             Requested size: 219.06789pt x 412.54024pt.
<figure/badfit.png, id=349, 219.06844pt x 412.54124pt>
File: figure/badfit.png Graphic file (type png)
<use figure/badfit.png>
Package pdftex.def Info: figure/badfit.png  used on input line 511.
(pdftex.def)             Requested size: 219.06789pt x 412.54024pt.

Underfull \vbox (badness 10000) has occurred while \output is active []

[10 <./figure/overfit.png>]
<figure/underfit.png, id=356, 219.06844pt x 412.54124pt>
File: figure/underfit.png Graphic file (type png)
<use figure/underfit.png>
Package pdftex.def Info: figure/underfit.png  used on input line 524.
(pdftex.def)             Requested size: 219.06789pt x 412.54024pt.

Underfull \vbox (badness 10000) has occurred while \output is active []

[11 <./figure/badfit.png>]
<figure/true.png, id=363, 219.06844pt x 412.54124pt>
File: figure/true.png Graphic file (type png)
<use figure/true.png>
Package pdftex.def Info: figure/true.png  used on input line 534.
(pdftex.def)             Requested size: 219.06789pt x 412.54024pt.
<figure/stayGood.png, id=364, 219.06844pt x 412.54124pt>
File: figure/stayGood.png Graphic file (type png)
<use figure/stayGood.png>
Package pdftex.def Info: figure/stayGood.png  used on input line 534.
(pdftex.def)             Requested size: 219.06789pt x 412.54024pt.
<figure/biasvariance.png, id=365, 507.95486pt x 319.02043pt>
File: figure/biasvariance.png Graphic file (type png)
<use figure/biasvariance.png>
Package pdftex.def Info: figure/biasvariance.png  used on input line 537.
(pdftex.def)             Requested size: 507.95363pt x 319.01964pt.

Overfull \hbox (74.33363pt too wide) in paragraph at lines 537--538
 [][] 
 []


Overfull \hbox (24.75166pt too wide) in paragraph at lines 534--539
[][] [] 
 []


Underfull \vbox (badness 10000) has occurred while \output is active []

[12 <./figure/underfit.png>]
Underfull \vbox (badness 10000) has occurred while \output is active []

[13 <./figure/true.png> <./figure/stayGood.png>] [14 <./figure/biasvariance.png
>] [15]
<figure/optimize.png, id=393, 1606.0pt x 1118.1775pt>
File: figure/optimize.png Graphic file (type png)
<use figure/optimize.png>
Package pdftex.def Info: figure/optimize.png  used on input line 684.
(pdftex.def)             Requested size: 1605.99611pt x 1118.17477pt.

Overfull \hbox (1172.37611pt too wide) in paragraph at lines 684--685
 [][] 
 []


Underfull \hbox (badness 1924) in paragraph at lines 685--685
[]\T1/lmr/m/n/12 Figure 2.5: |[][]$\T1/lmtt/m/n/12 https : / / medium . com / @
ageitgey / machine -[] learning -[]
 []

[16]
Overfull \vbox (506.74477pt too high) has occurred while \output is active []

[17 <./figure/optimize.png (PNG copy)>] [18]
Underfull \vbox (badness 10000) has occurred while \output is active []

[19] [20] [21] [22

]
Chapter 3.

Underfull \vbox (badness 6510) has occurred while \output is active []

[23] [24] [25]
LaTeX Font Info:    External font `lmex10' loaded for size
(Font)              <14.4> on input line 1049.
LaTeX Font Info:    External font `lmex10' loaded for size
(Font)              <10> on input line 1049.
LaTeX Font Info:    External font `lmex10' loaded for size
(Font)              <7> on input line 1049.
<figure/network.png, id=448, 1204.5pt x 752.8125pt>
File: figure/network.png Graphic file (type png)
<use figure/network.png>
Package pdftex.def Info: figure/network.png  used on input line 1065.
(pdftex.def)             Requested size: 1204.49707pt x 752.81065pt.

Overfull \hbox (788.50189pt too wide) in paragraph at lines 1065--1066
[][] 
 []


Underfull \vbox (badness 10000) has occurred while \output is active []

[26]
Overfull \vbox (102.38066pt too high) has occurred while \output is active []

[27 <./figure/network.png>] [28]
Chapter 4.

Underfull \vbox (badness 10000) has occurred while \output is active []

[29

]
<figure/bowl.jpg, id=466, 607.26875pt x 607.26875pt>
File: figure/bowl.jpg Graphic file (type jpg)
<use figure/bowl.jpg>
Package pdftex.def Info: figure/bowl.jpg  used on input line 1183.
(pdftex.def)             Requested size: 607.26727pt x 607.26727pt.

Overfull \hbox (191.2721pt too wide) in paragraph at lines 1183--1184
[][] 
 []


Underfull \vbox (badness 10000) has occurred while \output is active []

[30] [31 <./figure/bowl.jpg>] [32]
<figure/newresults.png, id=480, 755.07094pt x 462.97969pt>
File: figure/newresults.png Graphic file (type png)
<use figure/newresults.png>
Package pdftex.def Info: figure/newresults.png  used on input line 1257.
(pdftex.def)             Requested size: 755.06909pt x 462.97855pt.

Overfull \hbox (321.4491pt too wide) in paragraph at lines 1257--1258
[] 
 []

[33 <./figure/newresults.png (PNG copy)>] [34

]
Chapter 5.
[35] [36

]
LaTeX Font Info:    Try loading font information for TS1+lmr on input line 1297
.
(c:/Users/Alexander/AppData/Roaming/TinyTeX/texmf-dist/tex/latex/lm/ts1lmr.fd
File: ts1lmr.fd 2009/10/30 v1.6 Font defs for Latin Modern
) [37] [38

]
Appendix A.
LaTeX Font Info:    Font shape `T1/lmtt/bx/n' in size <12> not available
(Font)              Font shape `T1/lmtt/b/n' tried instead on input line 1327.

LaTeX Warning: Reference `ref-labels' on page 39 undefined on input line 1334.

[39] [40

]
Appendix B.
[41] [42

]
Package atveryend Info: Empty hook `BeforeClearDocument' on input line 1400.
[43

]
Package atveryend Info: Empty hook `AfterLastShipout' on input line 1400.
(./thesis.aux)
Package atveryend Info: Executing hook `AtVeryEndDocument' on input line 1400.
Package atveryend Info: Executing hook `AtEndAfterFileList' on input line 1400.

Package rerunfilecheck Info: File `thesis.out' has not changed.
(rerunfilecheck)             Checksum: D20DFA6438E5B05C87C6E60930F95584;2569.

LaTeX Warning: There were undefined references.

Package atveryend Info: Empty hook `AtVeryVeryEnd' on input line 1400.
 ) 
Here is how much of TeX's memory you used:
 9032 strings out of 494562
 138458 string characters out of 6175797
 220334 words of memory out of 5000000
 12361 multiletter control sequences out of 15000+600000
 68575 words of font info for 70 fonts, out of 8000000 for 9000
 14 hyphenation exceptions out of 8191
 36i,12n,45p,493b,480s stack positions out of 5000i,500n,10000p,200000b,80000s
{c:/Users/Alexander/AppData/Roaming/TinyTeX/texmf-dist/fonts/enc/dvips/lm/lm-
ec.enc}{c:/Users/Alexander/AppData/Roaming/TinyTeX/texmf-dist/fonts/enc/dvips/l
m/lm-ts1.enc}{c:/Users/Alexander/AppData/Roaming/TinyTeX/texmf-dist/fonts/enc/d
vips/lm/lm-mathex.enc}{c:/Users/Alexander/AppData/Roaming/TinyTeX/texmf-dist/fo
nts/enc/dvips/lm/lm-mathsy.enc}{c:/Users/Alexander/AppData/Roaming/TinyTeX/texm
f-dist/fonts/enc/dvips/lm/lm-rm.enc}{c:/Users/Alexander/AppData/Roaming/TinyTeX
/texmf-dist/fonts/enc/dvips/lm/lm-mathit.enc}<c:/Users/Alexander/AppData/Roamin
g/TinyTeX/texmf-dist/fonts/type1/public/lm/lmbx12.pfb><c:/Users/Alexander/AppDa
ta/Roaming/TinyTeX/texmf-dist/fonts/type1/public/lm/lmex10.pfb><c:/Users/Alexan
der/AppData/Roaming/TinyTeX/texmf-dist/fonts/type1/public/lm/lmmi12.pfb><c:/Use
rs/Alexander/AppData/Roaming/TinyTeX/texmf-dist/fonts/type1/public/lm/lmmi6.pfb
><c:/Users/Alexander/AppData/Roaming/TinyTeX/texmf-dist/fonts/type1/public/lm/l
mmi8.pfb><c:/Users/Alexander/AppData/Roaming/TinyTeX/texmf-dist/fonts/type1/pub
lic/lm/lmr12.pfb><c:/Users/Alexander/AppData/Roaming/TinyTeX/texmf-dist/fonts/t
ype1/public/lm/lmr8.pfb><c:/Users/Alexander/AppData/Roaming/TinyTeX/texmf-dist/
fonts/type1/public/lm/lmri12.pfb><c:/Users/Alexander/AppData/Roaming/TinyTeX/te
xmf-dist/fonts/type1/public/lm/lmro12.pfb><c:/Users/Alexander/AppData/Roaming/T
inyTeX/texmf-dist/fonts/type1/public/lm/lmsy10.pfb><c:/Users/Alexander/AppData/
Roaming/TinyTeX/texmf-dist/fonts/type1/public/lm/lmsy8.pfb><c:/Users/Alexander/
AppData/Roaming/TinyTeX/texmf-dist/fonts/type1/public/lm/lmtk10.pfb><c:/Users/A
lexander/AppData/Roaming/TinyTeX/texmf-dist/fonts/type1/public/lm/lmtt12.pfb><c
:/Users/Alexander/AppData/Roaming/TinyTeX/texmf-dist/fonts/type1/public/lm/lmtt
i10.pfb>
Output written on thesis.pdf (61 pages, 2814409 bytes).
PDF statistics:
 629 PDF objects out of 1000 (max. 8388607)
 525 compressed objects within 6 object streams
 127 named destinations out of 1000 (max. 500000)
 344 words of extra memory for PDF output out of 10000 (max. 10000000)

